Parameter Changes Between 2024 and 2025
========================================

✅ New Parameters in 2025:
[NEW] com.nokia.aiosc:VLANTermination :: Device-1/Ethernet-1/VLANTermination-1 -> SparePara1
[NEW] com.nokia.aiosc:GPS :: Device-1/FAP-1/GPS-1 -> testId
[NEW] com.nokia.aiosc:ContinuousGPSStatus :: Device-1/FAP-1/GPS-1/ContinuousGPSStatus-1 -> SparePara1
[NEW] com.nokia.aiosc:XtraServerAddress :: Device-1/FAP-1/GPS-1/XtraServerAddress-1 -> SparePara1
[NEW] com.nokia.aiosc:CurrentAlarm :: Device-1/FaultMgmt-1/CurrentAlarm-1 -> PerceivedSeverity
[NEW] com.nokia.aiosc:CurrentAlarm :: Device-1/FaultMgmt-1/CurrentAlarm-1 -> ManagedObjectInstance
[NEW] com.nokia.aiosc:CurrentAlarm :: Device-1/FaultMgmt-1/CurrentAlarm-1 -> ServiceProvider
[NEW] com.nokia.aiosc:CurrentAlarm :: Device-1/FaultMgmt-1/CurrentAlarm-1 -> SequenceNumber
[NEW] com.nokia.aiosc:CurrentAlarm :: Device-1/FaultMgmt-1/CurrentAlarm-1 -> ServiceUser
[NEW] com.nokia.aiosc:CurrentAlarm :: Device-1/FaultMgmt-1/CurrentAlarm-1 -> AlarmRaisedTime
[NEW] com.nokia.aiosc:CurrentAlarm :: Device-1/FaultMgmt-1/CurrentAlarm-1 -> ProbableCause
[NEW] com.nokia.aiosc:CurrentAlarm :: Device-1/FaultMgmt-1/CurrentAlarm-1 -> ReportingStatus
[NEW] com.nokia.aiosc:CurrentAlarm :: Device-1/FaultMgmt-1/CurrentAlarm-1 -> FaultIDandStatus
[NEW] com.nokia.aiosc:CurrentAlarm :: Device-1/FaultMgmt-1/CurrentAlarm-1 -> AdditionalText
[NEW] com.nokia.aiosc:CurrentAlarm :: Device-1/FaultMgmt-1/CurrentAlarm-1 -> SecurityAlarmDetector
[NEW] com.nokia.aiosc:CurrentAlarm :: Device-1/FaultMgmt-1/CurrentAlarm-1 -> AlarmIdentifier
[NEW] com.nokia.aiosc:CurrentAlarm :: Device-1/FaultMgmt-1/CurrentAlarm-1 -> EventType
[NEW] com.nokia.aiosc:IPv4Address :: Device-1/IP-1/Interface-1/IPv4Address-1 -> SubnetMask
[NEW] com.nokia.aiosc:IPv4Address :: Device-1/IP-1/Interface-1/IPv4Address-1 -> IPAddress
[NEW] com.nokia.aiosc:IPv4Address :: Device-1/IP-1/Interface-1/IPv4Address-1 -> SparePara1
[NEW] com.nokia.aiosc:IPv6Address :: Device-1/IP-1/Interface-1/IPv6Address-1 -> SparePara2
[NEW] com.nokia.aiosc:IPv6Address :: Device-1/IP-1/Interface-1/IPv6Address-1 -> SparePara1
[NEW] com.nokia.aiosc:ManagementServer :: Device-1/ManagementServer-1 -> SparePara1
[NEW] com.nokia.aiosc:NRCellCU :: Device-1/Services-1/FAPService-1/CellConfig-1/NR-1/CU-1/NRCellCU-1 -> ObjectInstance
[NEW] com.nokia.aiosc:NRCellCU :: Device-1/Services-1/FAPService-1/CellConfig-1/NR-1/CU-1/NRCellCU-1 -> ObjectClass
[NEW] com.nokia.aiosc:DrxConfigAnrSpecific :: Device-1/Services-1/FAPService-1/CellConfig-1/NR-1/CU-1/NRCellCU-1/DrxConfig-1/DrxConfigAnrSpecific-1 -> DrxConfigAnrSpecific_CP
[NEW] com.nokia.aiosc:DrxConfigAnrSpecific :: Device-1/Services-1/FAPService-1/CellConfig-1/NR-1/CU-1/NRCellCU-1/DrxConfig-1/DrxConfigAnrSpecific-1 -> SparePara1
[NEW] com.nokia.aiosc:DrxConfigDataSpecific :: Device-1/Services-1/FAPService-1/CellConfig-1/NR-1/CU-1/NRCellCU-1/DrxConfig-1/DrxConfigDataSpecific-1 -> SparePara1
[NEW] com.nokia.aiosc:DrxConfigInterRatAnrSpecific :: Device-1/Services-1/FAPService-1/CellConfig-1/NR-1/CU-1/NRCellCU-1/DrxConfig-1/DrxConfigInterRatAnrSpecific-1 -> SparePara1
[NEW] com.nokia.aiosc:EUtranCellRelation :: Device-1/Services-1/FAPService-1/CellConfig-1/NR-1/CU-1/NRCellCU-1/EUtranCellRelation-1 -> AdjacentCell
[NEW] com.nokia.aiosc:EUtranCellRelation :: Device-1/Services-1/FAPService-1/CellConfig-1/NR-1/CU-1/NRCellCU-1/EUtranCellRelation-1 -> IsHOAllowedn
[NEW] com.nokia.aiosc:EUtranCellRelation :: Device-1/Services-1/FAPService-1/CellConfig-1/NR-1/CU-1/NRCellCU-1/EUtranCellRelation-1 -> TCI
[NEW] com.nokia.aiosc:EUtranCellRelation :: Device-1/Services-1/FAPService-1/CellConfig-1/NR-1/CU-1/NRCellCU-1/EUtranCellRelation-1 -> Id
[NEW] com.nokia.aiosc:EUtranCellRelation :: Device-1/Services-1/FAPService-1/CellConfig-1/NR-1/CU-1/NRCellCU-1/EUtranCellRelation-1 -> EUtranFreqRelationRef
[NEW] com.nokia.aiosc:EUtranCellRelation :: Device-1/Services-1/FAPService-1/CellConfig-1/NR-1/CU-1/NRCellCU-1/EUtranCellRelation-1 -> SparePara1
[NEW] com.nokia.aiosc:EUtranCellRelation :: Device-1/Services-1/FAPService-1/CellConfig-1/NR-1/CU-1/NRCellCU-1/EUtranCellRelation-1 -> QOffset
[NEW] com.nokia.aiosc:EUtranCellRelation :: Device-1/Services-1/FAPService-1/CellConfig-1/NR-1/CU-1/NRCellCU-1/EUtranCellRelation-1 -> CellIndividualOffset
[NEW] com.nokia.aiosc:EUtranCellRelation :: Device-1/Services-1/FAPService-1/CellConfig-1/NR-1/CU-1/NRCellCU-1/EUtranCellRelation-1 -> IsENDCAllowed
[NEW] com.nokia.aiosc:EUtranFreqRelation :: Device-1/Services-1/FAPService-1/CellConfig-1/NR-1/CU-1/NRCellCU-1/EUtranFreqRelation-1 -> TReselectionEutra
[NEW] com.nokia.aiosc:EUtranFreqRelation :: Device-1/Services-1/FAPService-1/CellConfig-1/NR-1/CU-1/NRCellCU-1/EUtranFreqRelation-1 -> AllowedMeasBandwidth
[NEW] com.nokia.aiosc:EUtranFreqRelation :: Device-1/Services-1/FAPService-1/CellConfig-1/NR-1/CU-1/NRCellCU-1/EUtranFreqRelation-1 -> Id
[NEW] com.nokia.aiosc:EUtranFreqRelation :: Device-1/Services-1/FAPService-1/CellConfig-1/NR-1/CU-1/NRCellCU-1/EUtranFreqRelation-1 -> BlackListEntryNumberOfEntries
[NEW] com.nokia.aiosc:EUtranFreqRelation :: Device-1/Services-1/FAPService-1/CellConfig-1/NR-1/CU-1/NRCellCU-1/EUtranFreqRelation-1 -> ThreshXLowP
[NEW] com.nokia.aiosc:EUtranFreqRelation :: Device-1/Services-1/FAPService-1/CellConfig-1/NR-1/CU-1/NRCellCU-1/EUtranFreqRelation-1 -> TReselectionEutraSfMedium
[NEW] com.nokia.aiosc:EUtranFreqRelation :: Device-1/Services-1/FAPService-1/CellConfig-1/NR-1/CU-1/NRCellCU-1/EUtranFreqRelation-1 -> QOffsetFreq
[NEW] com.nokia.aiosc:EUtranFreqRelation :: Device-1/Services-1/FAPService-1/CellConfig-1/NR-1/CU-1/NRCellCU-1/EUtranFreqRelation-1 -> PMax
[NEW] com.nokia.aiosc:EUtranFreqRelation :: Device-1/Services-1/FAPService-1/CellConfig-1/NR-1/CU-1/NRCellCU-1/EUtranFreqRelation-1 -> TReselectionEutraSfHigh
[NEW] com.nokia.aiosc:EUtranFreqRelation :: Device-1/Services-1/FAPService-1/CellConfig-1/NR-1/CU-1/NRCellCU-1/EUtranFreqRelation-1 -> BlackListEntryIdleModeNumberOfEntries
[NEW] com.nokia.aiosc:EUtranFreqRelation :: Device-1/Services-1/FAPService-1/CellConfig-1/NR-1/CU-1/NRCellCU-1/EUtranFreqRelation-1 -> CellIndividualOffset
[NEW] com.nokia.aiosc:EUtranFreqRelation :: Device-1/Services-1/FAPService-1/CellConfig-1/NR-1/CU-1/NRCellCU-1/EUtranFreqRelation-1 -> ThreshXHighQ
[NEW] com.nokia.aiosc:EUtranFreqRelation :: Device-1/Services-1/FAPService-1/CellConfig-1/NR-1/CU-1/NRCellCU-1/EUtranFreqRelation-1 -> CellReselectionPriority
[NEW] com.nokia.aiosc:EUtranFreqRelation :: Device-1/Services-1/FAPService-1/CellConfig-1/NR-1/CU-1/NRCellCU-1/EUtranFreqRelation-1 -> EutrapresenceAntennaPort1
[NEW] com.nokia.aiosc:EUtranFreqRelation :: Device-1/Services-1/FAPService-1/CellConfig-1/NR-1/CU-1/NRCellCU-1/EUtranFreqRelation-1 -> BlackListEntryId
[NEW] com.nokia.aiosc:EUtranFreqRelation :: Device-1/Services-1/FAPService-1/CellConfig-1/NR-1/CU-1/NRCellCU-1/EUtranFreqRelation-1 -> CellReselectionSubPriority
[NEW] com.nokia.aiosc:EUtranFreqRelation :: Device-1/Services-1/FAPService-1/CellConfig-1/NR-1/CU-1/NRCellCU-1/EUtranFreqRelation-1 -> QQualMin
[NEW] com.nokia.aiosc:EUtranFreqRelation :: Device-1/Services-1/FAPService-1/CellConfig-1/NR-1/CU-1/NRCellCU-1/EUtranFreqRelation-1 -> SparePara1
[NEW] com.nokia.aiosc:EUtranFreqRelation :: Device-1/Services-1/FAPService-1/CellConfig-1/NR-1/CU-1/NRCellCU-1/EUtranFreqRelation-1 -> ThreshXLowQ
[NEW] com.nokia.aiosc:EUtranFreqRelation :: Device-1/Services-1/FAPService-1/CellConfig-1/NR-1/CU-1/NRCellCU-1/EUtranFreqRelation-1 -> EUtranFrequencyRef
[NEW] com.nokia.aiosc:EUtranFreqRelation :: Device-1/Services-1/FAPService-1/CellConfig-1/NR-1/CU-1/NRCellCU-1/EUtranFreqRelation-1 -> QRxLevMin
[NEW] com.nokia.aiosc:EUtranFreqRelation :: Device-1/Services-1/FAPService-1/CellConfig-1/NR-1/CU-1/NRCellCU-1/EUtranFreqRelation-1 -> ThreshXHighP
[NEW] com.nokia.aiosc:BlackListEntryEUtran :: Device-1/Services-1/FAPService-1/CellConfig-1/NR-1/CU-1/NRCellCU-1/EUtranFreqRelation-1/BlackListEntryEUtran-1 -> BlackListEntryValue
[NEW] com.nokia.aiosc:BlackListEntryEUtran :: Device-1/Services-1/FAPService-1/CellConfig-1/NR-1/CU-1/NRCellCU-1/EUtranFreqRelation-1/BlackListEntryEUtran-1 -> SparePara1
[NEW] com.nokia.aiosc:BlackListEntryIdleModeEUtran :: Device-1/Services-1/FAPService-1/CellConfig-1/NR-1/CU-1/NRCellCU-1/EUtranFreqRelation-1/BlackListEntryIdleModeEUtran-1 -> SpareParam1
[NEW] com.nokia.aiosc:BlackListEntryIdleModeEUtran :: Device-1/Services-1/FAPService-1/CellConfig-1/NR-1/CU-1/NRCellCU-1/EUtranFreqRelation-1/BlackListEntryIdleModeEUtran-1 -> BlackListEntryIdleModeValue
[NEW] com.nokia.aiosc:EUtranFrequency :: Device-1/Services-1/FAPService-1/CellConfig-1/NR-1/CU-1/NRCellCU-1/EUtranFrequency-1 -> EarfcnDL
[NEW] com.nokia.aiosc:EUtranFrequency :: Device-1/Services-1/FAPService-1/CellConfig-1/NR-1/CU-1/NRCellCU-1/EUtranFrequency-1 -> Id
[NEW] com.nokia.aiosc:EUtranFrequency :: Device-1/Services-1/FAPService-1/CellConfig-1/NR-1/CU-1/NRCellCU-1/EUtranFrequency-1 -> MultiBandInfoListEutraNumberOfEntries
[NEW] com.nokia.aiosc:EUtranFrequency :: Device-1/Services-1/FAPService-1/CellConfig-1/NR-1/CU-1/NRCellCU-1/EUtranFrequency-1 -> SparePara1
[NEW] com.nokia.aiosc:MultiBandInfoListEutra :: Device-1/Services-1/FAPService-1/CellConfig-1/NR-1/CU-1/NRCellCU-1/EUtranFrequency-1/MultiBandInfoListEutra-1 -> MultiBandInfoListEutraValue
[NEW] com.nokia.aiosc:MultiBandInfoListEutra :: Device-1/Services-1/FAPService-1/CellConfig-1/NR-1/CU-1/NRCellCU-1/EUtranFrequency-1/MultiBandInfoListEutra-1 -> SparePara1
[NEW] com.nokia.aiosc:EmergencyAreaId :: Device-1/Services-1/FAPService-1/CellConfig-1/NR-1/CU-1/NRCellCU-1/EmergencyAreaId-1 -> SparePara1
[NEW] com.nokia.aiosc:MeasObject :: Device-1/Services-1/FAPService-1/CellConfig-1/NR-1/CU-1/NRCellCU-1/MeasObject-1 -> SparePara1
[NEW] com.nokia.aiosc:MeasEutra :: Device-1/Services-1/FAPService-1/CellConfig-1/NR-1/CU-1/NRCellCU-1/MeasObject-1/MeasEutra-1 -> MeasObjectEutraNumberOfEntries
[NEW] com.nokia.aiosc:MeasEutra :: Device-1/Services-1/FAPService-1/CellConfig-1/NR-1/CU-1/NRCellCU-1/MeasObject-1/MeasEutra-1 -> SparePara1
[NEW] com.nokia.aiosc:MeasObjectEutra :: Device-1/Services-1/FAPService-1/CellConfig-1/NR-1/CU-1/NRCellCU-1/MeasObject-1/MeasEutra-1/MeasObjectEutra-1 -> MeasObjectEutraId
[NEW] com.nokia.aiosc:MeasObjectEutra :: Device-1/Services-1/FAPService-1/CellConfig-1/NR-1/CU-1/NRCellCU-1/MeasObject-1/MeasEutra-1/MeasObjectEutra-1 -> WidebandRSRQMeas
[NEW] com.nokia.aiosc:MeasObjectEutra :: Device-1/Services-1/FAPService-1/CellConfig-1/NR-1/CU-1/NRCellCU-1/MeasObject-1/MeasEutra-1/MeasObjectEutra-1 -> EutraOffsetRange
[NEW] com.nokia.aiosc:MeasObjectEutra :: Device-1/Services-1/FAPService-1/CellConfig-1/NR-1/CU-1/NRCellCU-1/MeasObject-1/MeasEutra-1/MeasObjectEutra-1 -> SparePara1
[NEW] com.nokia.aiosc:MeasObjectNr :: Device-1/Services-1/FAPService-1/CellConfig-1/NR-1/CU-1/NRCellCU-1/MeasObject-1/MeasObjectNr-1 -> SparePara1
[NEW] com.nokia.aiosc:AbsThreshCsiRsConsolidation :: Device-1/Services-1/FAPService-1/CellConfig-1/NR-1/CU-1/NRCellCU-1/MeasObject-1/MeasObjectNr-1/AbsThreshCsiRsConsolidation-1 -> SpareParam1
[NEW] com.nokia.aiosc:AbsThreshSsBlocksConsolidation :: Device-1/Services-1/FAPService-1/CellConfig-1/NR-1/CU-1/NRCellCU-1/MeasObject-1/MeasObjectNr-1/AbsThreshSsBlocksConsolidation-1 -> SpareParam1
[NEW] com.nokia.aiosc:CellIndividualOffsetVS :: Device-1/Services-1/FAPService-1/CellConfig-1/NR-1/CU-1/NRCellCU-1/MeasObject-1/MeasObjectNr-1/CellIndividualOffsetVS-1 -> SpareParam1
[NEW] com.nokia.aiosc:OffsetMOVS :: Device-1/Services-1/FAPService-1/CellConfig-1/NR-1/CU-1/NRCellCU-1/MeasObject-1/MeasObjectNr-1/OffsetMOVS-1 -> SparePara1
[NEW] com.nokia.aiosc:NRCellRelation :: Device-1/Services-1/FAPService-1/CellConfig-1/NR-1/CU-1/NRCellCU-1/NRCellRelation-1 -> Id
[NEW] com.nokia.aiosc:CellIndividualOffset :: Device-1/Services-1/FAPService-1/CellConfig-1/NR-1/CU-1/NRCellCU-1/NRCellRelation-1/CellIndividualOffset-1 -> SparePara1
[NEW] com.nokia.aiosc:NRFreqRelation :: Device-1/Services-1/FAPService-1/CellConfig-1/NR-1/CU-1/NRCellCU-1/NRFreqRelation-1 -> SparePara1
[NEW] com.nokia.aiosc:NRFreqRelation :: Device-1/Services-1/FAPService-1/CellConfig-1/NR-1/CU-1/NRCellCU-1/NRFreqRelation-1 -> BlackListEntryNumberOfEntries
[NEW] com.nokia.aiosc:NRFreqRelation :: Device-1/Services-1/FAPService-1/CellConfig-1/NR-1/CU-1/NRCellCU-1/NRFreqRelation-1 -> BlackListEntryIdleModeNumberOfEntries
[NEW] com.nokia.aiosc:BlackListEntry :: Device-1/Services-1/FAPService-1/CellConfig-1/NR-1/CU-1/NRCellCU-1/NRFreqRelation-1/BlackListEntry-1 -> BlackListEntryValue
[NEW] com.nokia.aiosc:BlackListEntry :: Device-1/Services-1/FAPService-1/CellConfig-1/NR-1/CU-1/NRCellCU-1/NRFreqRelation-1/BlackListEntry-1 -> SparePara1
[NEW] com.nokia.aiosc:BlackListEntryIdleMode :: Device-1/Services-1/FAPService-1/CellConfig-1/NR-1/CU-1/NRCellCU-1/NRFreqRelation-1/BlackListEntryIdleMode-1 -> BlackListEntryIdleModeValue
[NEW] com.nokia.aiosc:BlackListEntryIdleMode :: Device-1/Services-1/FAPService-1/CellConfig-1/NR-1/CU-1/NRCellCU-1/NRFreqRelation-1/BlackListEntryIdleMode-1 -> SparePara1
[NEW] com.nokia.aiosc:OffsetMO :: Device-1/Services-1/FAPService-1/CellConfig-1/NR-1/CU-1/NRCellCU-1/NRFreqRelation-1/OffsetMO-1 -> SparePara1
[NEW] com.nokia.aiosc:NRFrequency :: Device-1/Services-1/FAPService-1/CellConfig-1/NR-1/CU-1/NRCellCU-1/NRFrequency-1 -> UserLabel
[NEW] com.nokia.aiosc:NRFrequency :: Device-1/Services-1/FAPService-1/CellConfig-1/NR-1/CU-1/NRCellCU-1/NRFrequency-1 -> ObjectInstance
[NEW] com.nokia.aiosc:NRFrequency :: Device-1/Services-1/FAPService-1/CellConfig-1/NR-1/CU-1/NRCellCU-1/NRFrequency-1 -> ObjectClass
[NEW] com.nokia.aiosc:NRFrequency :: Device-1/Services-1/FAPService-1/CellConfig-1/NR-1/CU-1/NRCellCU-1/NRFrequency-1 -> SparePara1
[NEW] com.nokia.aiosc:MultiFrequencyBandListNR :: Device-1/Services-1/FAPService-1/CellConfig-1/NR-1/CU-1/NRCellCU-1/NRFrequency-1/MultiFrequencyBandListNR-1 -> MultiFrequencyBandListNR_CP
[NEW] com.nokia.aiosc:MultiFrequencyBandListNR :: Device-1/Services-1/FAPService-1/CellConfig-1/NR-1/CU-1/NRCellCU-1/NRFrequency-1/MultiFrequencyBandListNR-1 -> SparePara1
[NEW] com.nokia.aiosc:QuantityConfigNR :: Device-1/Services-1/FAPService-1/CellConfig-1/NR-1/CU-1/NRCellCU-1/QuantityConfigInfo-1/QuantityConfigNR-1 -> QuantityConfigRefId
[NEW] com.nokia.aiosc:QuantityConfigNR :: Device-1/Services-1/FAPService-1/CellConfig-1/NR-1/CU-1/NRCellCU-1/QuantityConfigInfo-1/QuantityConfigNR-1 -> SparePara1
[NEW] com.nokia.aiosc:CsiRSFilterConfig :: Device-1/Services-1/FAPService-1/CellConfig-1/NR-1/CU-1/NRCellCU-1/QuantityConfigInfo-1/QuantityConfigNR-1/QuantityConfigCell-1/CsiRSFilterConfig-1 -> SparePara1
[NEW] com.nokia.aiosc:SsbFilterConfig :: Device-1/Services-1/FAPService-1/CellConfig-1/NR-1/CU-1/NRCellCU-1/QuantityConfigInfo-1/QuantityConfigNR-1/QuantityConfigCell-1/SsbFilterConfig-1 -> SparePara1
[NEW] com.nokia.aiosc:QuantityConfigRSIndex :: Device-1/Services-1/FAPService-1/CellConfig-1/NR-1/CU-1/NRCellCU-1/QuantityConfigInfo-1/QuantityConfigNR-1/QuantityConfigRSIndex-1 -> QuantityConfigRSIndex_CP
[NEW] com.nokia.aiosc:CsiRSFilterConfigQConfigRSI :: Device-1/Services-1/FAPService-1/CellConfig-1/NR-1/CU-1/NRCellCU-1/QuantityConfigInfo-1/QuantityConfigNR-1/QuantityConfigRSIndex-1/CsiRSFilterConfigQConfigRSI-1 -> FilterCoefficientRSRQ
[NEW] com.nokia.aiosc:CsiRSFilterConfigQConfigRSI :: Device-1/Services-1/FAPService-1/CellConfig-1/NR-1/CU-1/NRCellCU-1/QuantityConfigInfo-1/QuantityConfigNR-1/QuantityConfigRSIndex-1/CsiRSFilterConfigQConfigRSI-1 -> FilterCoefficientRSSINR
[NEW] com.nokia.aiosc:CsiRSFilterConfigQConfigRSI :: Device-1/Services-1/FAPService-1/CellConfig-1/NR-1/CU-1/NRCellCU-1/QuantityConfigInfo-1/QuantityConfigNR-1/QuantityConfigRSIndex-1/CsiRSFilterConfigQConfigRSI-1 -> FilterCoefficientRSRP
[NEW] com.nokia.aiosc:SsbFilterConfigRSIndex :: Device-1/Services-1/FAPService-1/CellConfig-1/NR-1/CU-1/NRCellCU-1/QuantityConfigInfo-1/QuantityConfigNR-1/QuantityConfigRSIndex-1/SsbFilterConfigRSIndex-1 -> FilterCoefficientRSRPn
[NEW] com.nokia.aiosc:SsbFilterConfigRSIndex :: Device-1/Services-1/FAPService-1/CellConfig-1/NR-1/CU-1/NRCellCU-1/QuantityConfigInfo-1/QuantityConfigNR-1/QuantityConfigRSIndex-1/SsbFilterConfigRSIndex-1 -> FilterCoefficientRSRQn
[NEW] com.nokia.aiosc:SsbFilterConfigRSIndex :: Device-1/Services-1/FAPService-1/CellConfig-1/NR-1/CU-1/NRCellCU-1/QuantityConfigInfo-1/QuantityConfigNR-1/QuantityConfigRSIndex-1/SsbFilterConfigRSIndex-1 -> FilterCoefficientRSSINRn
[NEW] com.nokia.aiosc:RRMPolicyRatio2 :: Device-1/Services-1/FAPService-1/CellConfig-1/NR-1/CU-1/NRCellCU-1/RRMPolicyRatio2-1 -> SparePara1
[NEW] com.nokia.aiosc:ReportConfigInfo :: Device-1/Services-1/FAPService-1/CellConfig-1/NR-1/CU-1/NRCellCU-1/ReportConfigInfo-1 -> SparePara2
[NEW] com.nokia.aiosc:ReportConfigInfo :: Device-1/Services-1/FAPService-1/CellConfig-1/NR-1/CU-1/NRCellCU-1/ReportConfigInfo-1 -> SparePara1
[NEW] com.nokia.aiosc:ReportCfgNr :: Device-1/Services-1/FAPService-1/CellConfig-1/NR-1/CU-1/NRCellCU-1/ReportConfigInfo-1/ReportCfgNr-1 -> SparaPara1
[NEW] com.nokia.aiosc:EventReportList :: Device-1/Services-1/FAPService-1/CellConfig-1/NR-1/CU-1/NRCellCU-1/ReportConfigInfo-1/ReportCfgNr-1/EventTrigger-1/EventTriggerConfig-1/EventReportList-1 -> SparePara1
[NEW] com.nokia.aiosc:A3EventInfo :: Device-1/Services-1/FAPService-1/CellConfig-1/NR-1/CU-1/NRCellCU-1/ReportConfigInfo-1/ReportCfgNr-1/EventTrigger-1/EventTriggerConfig-1/EventReportList-1/Event-1/A3EventInfo-1 -> AnrA3NormalThresholdOffset
[NEW] com.nokia.aiosc:A3EventInfo :: Device-1/Services-1/FAPService-1/CellConfig-1/NR-1/CU-1/NRCellCU-1/ReportConfigInfo-1/ReportCfgNr-1/EventTrigger-1/EventTriggerConfig-1/EventReportList-1/Event-1/A3EventInfo-1 -> AnrIntraAggressivePeriod
[NEW] com.nokia.aiosc:A3EventInfo :: Device-1/Services-1/FAPService-1/CellConfig-1/NR-1/CU-1/NRCellCU-1/ReportConfigInfo-1/ReportCfgNr-1/EventTrigger-1/EventTriggerConfig-1/EventReportList-1/Event-1/A3EventInfo-1 -> AnrA3AggressiveThreshOffset
[NEW] com.nokia.aiosc:A3EventInfo :: Device-1/Services-1/FAPService-1/CellConfig-1/NR-1/CU-1/NRCellCU-1/ReportConfigInfo-1/ReportCfgNr-1/EventTrigger-1/EventTriggerConfig-1/EventReportList-1/Event-1/A3EventInfo-1 -> AnrIntraNormalPeriod
[NEW] com.nokia.aiosc:A4EventInfo :: Device-1/Services-1/FAPService-1/CellConfig-1/NR-1/CU-1/NRCellCU-1/ReportConfigInfo-1/ReportCfgNr-1/EventTrigger-1/EventTriggerConfig-1/EventReportList-1/Event-1/A4EventInfo-1 -> AnrInterNormalPeriod
[NEW] com.nokia.aiosc:A4EventInfo :: Device-1/Services-1/FAPService-1/CellConfig-1/NR-1/CU-1/NRCellCU-1/ReportConfigInfo-1/ReportCfgNr-1/EventTrigger-1/EventTriggerConfig-1/EventReportList-1/Event-1/A4EventInfo-1 -> AnrA4AggressiveThreshold
[NEW] com.nokia.aiosc:A4EventInfo :: Device-1/Services-1/FAPService-1/CellConfig-1/NR-1/CU-1/NRCellCU-1/ReportConfigInfo-1/ReportCfgNr-1/EventTrigger-1/EventTriggerConfig-1/EventReportList-1/Event-1/A4EventInfo-1 -> AnrA4NormalThreshold
[NEW] com.nokia.aiosc:A4EventInfo :: Device-1/Services-1/FAPService-1/CellConfig-1/NR-1/CU-1/NRCellCU-1/ReportConfigInfo-1/ReportCfgNr-1/EventTrigger-1/EventTriggerConfig-1/EventReportList-1/Event-1/A4EventInfo-1 -> AnrInterAggressivePeriod
[NEW] com.nokia.aiosc:ReportConfigInterRAT :: Device-1/Services-1/FAPService-1/CellConfig-1/NR-1/CU-1/NRCellCU-1/ReportConfigInfo-1/ReportConfigInterRAT-1 -> SparePara1
[NEW] com.nokia.aiosc:CellReselectionInfoCommon :: Device-1/Services-1/FAPService-1/CellConfig-1/NR-1/CU-1/NRCellCU-1/Sib2ConfigInfo-1/CellReselectionInfoCommon-1 -> SparePara1
[NEW] com.nokia.aiosc:AbsThreshSsBlocksConsolSib2 :: Device-1/Services-1/FAPService-1/CellConfig-1/NR-1/CU-1/NRCellCU-1/Sib2ConfigInfo-1/CellReselectionInfoCommon-1/AbsThreshSsBlocksConsolSib2-1 -> SpareParam1
[NEW] com.nokia.aiosc:CellReselectionServingFreqInfo :: Device-1/Services-1/FAPService-1/CellConfig-1/NR-1/CU-1/NRCellCU-1/Sib2ConfigInfo-1/CellReselectionServingFreqInfo-1 -> SparePara1
[NEW] com.nokia.aiosc:NrMultiBandInfos :: Device-1/Services-1/FAPService-1/CellConfig-1/NR-1/CU-1/NRCellCU-1/Sib2ConfigInfo-1/IntraFreqCellReselectionInfo-1/FrequencyBands-1/NrMultiBandInfos-1 -> SparePara1
[NEW] com.nokia.aiosc:SIntraSearchQ :: Device-1/Services-1/FAPService-1/CellConfig-1/NR-1/CU-1/NRCellCU-1/Sib2ConfigInfo-1/IntraFreqCellReselectionInfo-1/SIntraSearchQ-1 -> SparePara1
[NEW] com.nokia.aiosc:SpeedScaleFactors :: Device-1/Services-1/FAPService-1/CellConfig-1/NR-1/CU-1/NRCellCU-1/Sib2ConfigInfo-1/IntraFreqCellReselectionInfo-1/SpeedScaleFactors-1 -> SparePara1
[NEW] com.nokia.aiosc:SrbCfg :: Device-1/Services-1/FAPService-1/CellConfig-1/NR-1/CU-1/NRCellCU-1/SrbCfg-1 -> SparePara1
[NEW] com.nokia.aiosc:NRCellDU :: Device-1/Services-1/FAPService-1/CellConfig-1/NR-1/DU-1/NRCellDU-1 -> IsExtN77BandEnabled
[NEW] com.nokia.aiosc:NRCellDU :: Device-1/Services-1/FAPService-1/CellConfig-1/NR-1/DU-1/NRCellDU-1 -> IsMFBISupportEnabled
[NEW] com.nokia.aiosc:CfgCmn :: Device-1/Services-1/FAPService-1/CellConfig-1/NR-1/DU-1/NRCellDU-1/CfgCmn-1 -> SparePara1
[NEW] com.nokia.aiosc:CsiRsCfgInfo :: Device-1/Services-1/FAPService-1/CellConfig-1/NR-1/DU-1/NRCellDU-1/CsiRsCfgInfo-1 -> IsTRSEnable
[NEW] com.nokia.aiosc:MultiBandInfo :: Device-1/Services-1/FAPService-1/CellConfig-1/NR-1/DU-1/NRCellDU-1/DlCfgCmn-1/DlFreqInfo-1/MultiBandInfo-1 -> SparePara1
[NEW] com.nokia.aiosc:NrNsPmaxVal :: Device-1/Services-1/FAPService-1/CellConfig-1/NR-1/DU-1/NRCellDU-1/DlCfgCmn-1/DlFreqInfo-1/MultiBandInfo-1/NrNsPmaxVal-1 -> AdditionalSpectrumEmission
[NEW] com.nokia.aiosc:NrNsPmaxVal :: Device-1/Services-1/FAPService-1/CellConfig-1/NR-1/DU-1/NRCellDU-1/DlCfgCmn-1/DlFreqInfo-1/MultiBandInfo-1/NrNsPmaxVal-1 -> PMax
[NEW] com.nokia.aiosc:SubCarrierCfg :: Device-1/Services-1/FAPService-1/CellConfig-1/NR-1/DU-1/NRCellDU-1/DlCfgCmn-1/DlFreqInfo-1/SubCarrierCfg-1 -> SubCarrierSpacingn
[NEW] com.nokia.aiosc:SubCarrierCfg :: Device-1/Services-1/FAPService-1/CellConfig-1/NR-1/DU-1/NRCellDU-1/DlCfgCmn-1/DlFreqInfo-1/SubCarrierCfg-1 -> SparePara2
[NEW] com.nokia.aiosc:SubCarrierCfg :: Device-1/Services-1/FAPService-1/CellConfig-1/NR-1/DU-1/NRCellDU-1/DlCfgCmn-1/DlFreqInfo-1/SubCarrierCfg-1 -> OffsetToCarrier
[NEW] com.nokia.aiosc:DmrsDlCfg :: Device-1/Services-1/FAPService-1/CellConfig-1/NR-1/DU-1/NRCellDU-1/DmrsDlCfg-1 -> SparePara1
[NEW] com.nokia.aiosc:DmrsUlCfg :: Device-1/Services-1/FAPService-1/CellConfig-1/NR-1/DU-1/NRCellDU-1/DmrsUlCfg-1 -> SparePara1
[NEW] com.nokia.aiosc:TransPrecodingDisabledUl :: Device-1/Services-1/FAPService-1/CellConfig-1/NR-1/DU-1/NRCellDU-1/DmrsUlCfg-1/TransPrecodingDisabledUl-1 -> SparePara1
[NEW] com.nokia.aiosc:TransPrecodingEnabledUl :: Device-1/Services-1/FAPService-1/CellConfig-1/NR-1/DU-1/NRCellDU-1/DmrsUlCfg-1/TransPrecodingEnabledUl-1 -> SparePara1
[NEW] com.nokia.aiosc:DrxInfo :: Device-1/Services-1/FAPService-1/CellConfig-1/NR-1/DU-1/NRCellDU-1/DrxInfo-1 -> SparePara1
[NEW] com.nokia.aiosc:L1CfgInfo :: Device-1/Services-1/FAPService-1/CellConfig-1/NR-1/DU-1/NRCellDU-1/L1CfgInfo-1 -> SparePara1
[NEW] com.nokia.aiosc:MibParams :: Device-1/Services-1/FAPService-1/CellConfig-1/NR-1/DU-1/NRCellDU-1/L1CfgInfo-1/MibParams-1 -> SpareParam1
[NEW] com.nokia.aiosc:Sib1Params :: Device-1/Services-1/FAPService-1/CellConfig-1/NR-1/DU-1/NRCellDU-1/L1CfgInfo-1/Sib1Params-1 -> SparaPara1
[NEW] com.nokia.aiosc:CellAccessInfo :: Device-1/Services-1/FAPService-1/CellConfig-1/NR-1/DU-1/NRCellDU-1/L1CfgInfo-1/Sib1Params-1/CellAccessInfo-1 -> CellAccessInfoSpareParam
[NEW] com.nokia.aiosc:CellAccessInfo :: Device-1/Services-1/FAPService-1/CellConfig-1/NR-1/DU-1/NRCellDU-1/L1CfgInfo-1/Sib1Params-1/CellAccessInfo-1 -> SparePara1
[NEW] com.nokia.aiosc:CellSelectionInfo :: Device-1/Services-1/FAPService-1/CellConfig-1/NR-1/DU-1/NRCellDU-1/L1CfgInfo-1/Sib1Params-1/CellSelectionInfo-1 -> SparePara1
[NEW] com.nokia.aiosc:ConnEstFailureControl :: Device-1/Services-1/FAPService-1/CellConfig-1/NR-1/DU-1/NRCellDU-1/L1CfgInfo-1/Sib1Params-1/ConnEstFailureControl-1 -> SparePara1
[NEW] com.nokia.aiosc:MacCfgCmn :: Device-1/Services-1/FAPService-1/CellConfig-1/NR-1/DU-1/NRCellDU-1/MacCfgCmn-1 -> SparePara1
[NEW] com.nokia.aiosc:DlMuMimoConfig :: Device-1/Services-1/FAPService-1/CellConfig-1/NR-1/DU-1/NRCellDU-1/MacCfgCmn-1/DlMuMimoConfig-1 -> SparePara2
[NEW] com.nokia.aiosc:DlMuMimoConfig :: Device-1/Services-1/FAPService-1/CellConfig-1/NR-1/DU-1/NRCellDU-1/MacCfgCmn-1/DlMuMimoConfig-1 -> SparePara1
[NEW] com.nokia.aiosc:MeasGap :: Device-1/Services-1/FAPService-1/CellConfig-1/NR-1/DU-1/NRCellDU-1/MeasGap-1 -> SparePara1
[NEW] com.nokia.aiosc:NsCfgInfo :: Device-1/Services-1/FAPService-1/CellConfig-1/NR-1/DU-1/NRCellDU-1/NsCfgInfo-1 -> NsAddInfoNumberOfEntries
[NEW] com.nokia.aiosc:NsCfgInfo :: Device-1/Services-1/FAPService-1/CellConfig-1/NR-1/DU-1/NRCellDU-1/NsCfgInfo-1 -> Period
[NEW] com.nokia.aiosc:NsCfgInfo :: Device-1/Services-1/FAPService-1/CellConfig-1/NR-1/DU-1/NRCellDU-1/NsCfgInfo-1 -> NsIdToDeActNumberOfEntries
[NEW] com.nokia.aiosc:NsCfgInfo :: Device-1/Services-1/FAPService-1/CellConfig-1/NR-1/DU-1/NRCellDU-1/NsCfgInfo-1 -> NsIdToActNumberOfEntries
[NEW] com.nokia.aiosc:NsCfgInfo :: Device-1/Services-1/FAPService-1/CellConfig-1/NR-1/DU-1/NRCellDU-1/NsCfgInfo-1 -> NsModInfoNumberOfEntries
[NEW] com.nokia.aiosc:NsCfgInfo :: Device-1/Services-1/FAPService-1/CellConfig-1/NR-1/DU-1/NRCellDU-1/NsCfgInfo-1 -> ReslAddInfoNumberOfEntries
[NEW] com.nokia.aiosc:NsCfgInfo :: Device-1/Services-1/FAPService-1/CellConfig-1/NR-1/DU-1/NRCellDU-1/NsCfgInfo-1 -> ReportType
[NEW] com.nokia.aiosc:NsCfgInfo :: Device-1/Services-1/FAPService-1/CellConfig-1/NR-1/DU-1/NRCellDU-1/NsCfgInfo-1 -> ResourceModInfoNumberOfEntries
[NEW] com.nokia.aiosc:NsCfgInfo :: Device-1/Services-1/FAPService-1/CellConfig-1/NR-1/DU-1/NRCellDU-1/NsCfgInfo-1 -> SparePara1
[NEW] com.nokia.aiosc:NsCfgInfo :: Device-1/Services-1/FAPService-1/CellConfig-1/NR-1/DU-1/NRCellDU-1/NsCfgInfo-1 -> NsIdToDelNumberOfEntries
[NEW] com.nokia.aiosc:NsAddInfo :: Device-1/Services-1/FAPService-1/CellConfig-1/NR-1/DU-1/NRCellDU-1/NsCfgInfo-1/NsAddInfo-1 -> NumUlUePerTti
[NEW] com.nokia.aiosc:NsAddInfo :: Device-1/Services-1/FAPService-1/CellConfig-1/NR-1/DU-1/NRCellDU-1/NsCfgInfo-1/NsAddInfo-1 -> ResType
[NEW] com.nokia.aiosc:NsiCellResCfg :: Device-1/Services-1/FAPService-1/CellConfig-1/NR-1/DU-1/NRCellDU-1/NsCfgInfo-1/NsAddInfo-1/NsiCellResCfg-1 -> NumDlPrb
[NEW] com.nokia.aiosc:NsiCellResCfg :: Device-1/Services-1/FAPService-1/CellConfig-1/NR-1/DU-1/NRCellDU-1/NsCfgInfo-1/NsAddInfo-1/NsiCellResCfg-1 -> NumUlPrb
[NEW] com.nokia.aiosc:NsiCellResCfg :: Device-1/Services-1/FAPService-1/CellConfig-1/NR-1/DU-1/NRCellDU-1/NsCfgInfo-1/NsAddInfo-1/NsiCellResCfg-1 -> SparePara1
[NEW] com.nokia.aiosc:NsIdToAct :: Device-1/Services-1/FAPService-1/CellConfig-1/NR-1/DU-1/NRCellDU-1/NsCfgInfo-1/NsIdToAct-1 -> NsIdToAct_CP
[NEW] com.nokia.aiosc:NsIdToDeAct :: Device-1/Services-1/FAPService-1/CellConfig-1/NR-1/DU-1/NRCellDU-1/NsCfgInfo-1/NsIdToDeAct-1 -> SparePara1
[NEW] com.nokia.aiosc:NsIdToDel :: Device-1/Services-1/FAPService-1/CellConfig-1/NR-1/DU-1/NRCellDU-1/NsCfgInfo-1/NsIdToDel-1 -> NsIdToDel_CP
[NEW] com.nokia.aiosc:NsModInfo :: Device-1/Services-1/FAPService-1/CellConfig-1/NR-1/DU-1/NRCellDU-1/NsCfgInfo-1/NsModInfo-1 -> NumUlUePerTti
[NEW] com.nokia.aiosc:NsModInfo :: Device-1/Services-1/FAPService-1/CellConfig-1/NR-1/DU-1/NRCellDU-1/NsCfgInfo-1/NsModInfo-1 -> ResType
[NEW] com.nokia.aiosc:NsiCellResCfgMod :: Device-1/Services-1/FAPService-1/CellConfig-1/NR-1/DU-1/NRCellDU-1/NsCfgInfo-1/NsModInfo-1/NsiCellResCfgMod-1 -> NumDlPrb
[NEW] com.nokia.aiosc:NsiCellResCfgMod :: Device-1/Services-1/FAPService-1/CellConfig-1/NR-1/DU-1/NRCellDU-1/NsCfgInfo-1/NsModInfo-1/NsiCellResCfgMod-1 -> NumUlPrb
[NEW] com.nokia.aiosc:ReslAddInfo :: Device-1/Services-1/FAPService-1/CellConfig-1/NR-1/DU-1/NRCellDU-1/NsCfgInfo-1/ReslAddInfo-1 -> NumDlPrb
[NEW] com.nokia.aiosc:ReslAddInfo :: Device-1/Services-1/FAPService-1/CellConfig-1/NR-1/DU-1/NRCellDU-1/NsCfgInfo-1/ReslAddInfo-1 -> NumUlPrb
[NEW] com.nokia.aiosc:ReslAddInfo :: Device-1/Services-1/FAPService-1/CellConfig-1/NR-1/DU-1/NRCellDU-1/NsCfgInfo-1/ReslAddInfo-1 -> SparePara1
[NEW] com.nokia.aiosc:ResourceModInfo :: Device-1/Services-1/FAPService-1/CellConfig-1/NR-1/DU-1/NRCellDU-1/NsCfgInfo-1/ResourceModInfo-1 -> NumDlPrb
[NEW] com.nokia.aiosc:ResourceModInfo :: Device-1/Services-1/FAPService-1/CellConfig-1/NR-1/DU-1/NRCellDU-1/NsCfgInfo-1/ResourceModInfo-1 -> SparePara1
[NEW] com.nokia.aiosc:ResourceModInfo :: Device-1/Services-1/FAPService-1/CellConfig-1/NR-1/DU-1/NRCellDU-1/NsCfgInfo-1/ResourceModInfo-1 -> NumUlPrb
[NEW] com.nokia.aiosc:ResourceModInfo :: Device-1/Services-1/FAPService-1/CellConfig-1/NR-1/DU-1/NRCellDU-1/NsCfgInfo-1/ResourceModInfo-1 -> NsResId
[NEW] com.nokia.aiosc:RlcCfg :: Device-1/Services-1/FAPService-1/CellConfig-1/NR-1/DU-1/NRCellDU-1/RlcCfg-1 -> SparePara1
[NEW] com.nokia.aiosc:SNSSAIList :: Device-1/Services-1/FAPService-1/CellConfig-1/NR-1/DU-1/NRCellDU-1/SNSSAIList-1 -> SNSSAIList_CP
[NEW] com.nokia.aiosc:SiSchedInfo :: Device-1/Services-1/FAPService-1/CellConfig-1/NR-1/DU-1/NRCellDU-1/SiSchedInfo-1 -> SparePara1
[NEW] com.nokia.aiosc:GrpBPreambleCfg :: Device-1/Services-1/FAPService-1/CellConfig-1/NR-1/DU-1/NRCellDU-1/UlCfgCmn-1/UlBwpCfg-1/RachCfgInfo-1/GrpBPreambleCfg-1 -> GrpBPreambleCfg_CP
[NEW] com.nokia.aiosc:UlFreqInfo :: Device-1/Services-1/FAPService-1/CellConfig-1/NR-1/DU-1/NRCellDU-1/UlCfgCmn-1/UlFreqInfo-1 -> SparePara1
[NEW] com.nokia.aiosc:MultiBandInfoUl :: Device-1/Services-1/FAPService-1/CellConfig-1/NR-1/DU-1/NRCellDU-1/UlCfgCmn-1/UlFreqInfo-1/MultiBandInfoUl-1 -> SpareParam1
[NEW] com.nokia.aiosc:NrNsPmaxValUl :: Device-1/Services-1/FAPService-1/CellConfig-1/NR-1/DU-1/NRCellDU-1/UlCfgCmn-1/UlFreqInfo-1/MultiBandInfoUl-1/NrNsPmaxValUl-1 -> AdditionalSpectrumEmission
[NEW] com.nokia.aiosc:NrNsPmaxValUl :: Device-1/Services-1/FAPService-1/CellConfig-1/NR-1/DU-1/NRCellDU-1/UlCfgCmn-1/UlFreqInfo-1/MultiBandInfoUl-1/NrNsPmaxValUl-1 -> PMax
[NEW] com.nokia.aiosc:UlTargetCqi :: Device-1/Services-1/FAPService-1/CellConfig-1/NR-1/DU-1/NRCellDU-1/UlCfgCmn-1/UlTargetCqi-1 -> SparePara1
[NEW] com.nokia.aiosc:UlCfgGrant :: Device-1/Services-1/FAPService-1/CellConfig-1/NR-1/DU-1/NRCellDU-1/UlCfgGrant-1 -> SparePara1
[NEW] com.nokia.aiosc:UrllcCfg :: Device-1/Services-1/FAPService-1/CellConfig-1/NR-1/DU-1/NRCellDU-1/UrllcCfg-1 -> SparePara1
[NEW] com.nokia.aiosc:X_Nokia_BSR :: Device-1/Services-1/X_Nokia_BSR-1 -> SiteType_CP
[NEW] com.nokia.aiosc:X_Nokia_BSR :: Device-1/Services-1/X_Nokia_BSR-1 -> ClusterName_CP
[NEW] com.nokia.aiosc:X_Nokia_BSR :: Device-1/Services-1/X_Nokia_BSR-1 -> EnableDaisyChaining
[NEW] com.nokia.aiosc:X_Nokia_BSR :: Device-1/Services-1/X_Nokia_BSR-1 -> NRFrameTimingOffset
[NEW] com.nokia.aiosc:X_Nokia_BSR :: Device-1/Services-1/X_Nokia_BSR-1 -> DiagnoseBSRAdditionalText
[NEW] com.nokia.aiosc:X_Nokia_BSR :: Device-1/Services-1/X_Nokia_BSR-1 -> AvailabilityStatusn
[NEW] com.nokia.aiosc:GsmExtCellList :: Device-1/Services-1/X_Nokia_BSR-1/GsmExtCellList-1 -> GsmExtCellList_CP
[NEW] com.nokia.aiosc:GsmNatLocLockFrequency :: Device-1/Services-1/X_Nokia_BSR-1/GsmNatLocLockFrequency-1 -> GsmNatLocLockFrequency_CP
[NEW] com.nokia.aiosc:AnrParam :: Device-1/Services-1/X_Nokia_BSR-1/HgNB-1/XCU-1/AnrParam-1 -> ClearPersistence
[NEW] com.nokia.aiosc:AnrParam :: Device-1/Services-1/X_Nokia_BSR-1/HgNB-1/XCU-1/AnrParam-1 -> MaxNumReport
[NEW] com.nokia.aiosc:AnrParam :: Device-1/Services-1/X_Nokia_BSR-1/HgNB-1/XCU-1/AnrParam-1 -> StopAddingUEToAnrProfile
[NEW] com.nokia.aiosc:AnrParam :: Device-1/Services-1/X_Nokia_BSR-1/HgNB-1/XCU-1/AnrParam-1 -> AutoNrNbrremoval
[NEW] com.nokia.aiosc:AnrParam :: Device-1/Services-1/X_Nokia_BSR-1/HgNB-1/XCU-1/AnrParam-1 -> SucReevalForNrNbr
[NEW] com.nokia.aiosc:AnrParam :: Device-1/Services-1/X_Nokia_BSR-1/HgNB-1/XCU-1/AnrParam-1 -> SparePara1
[NEW] com.nokia.aiosc:AnrParam :: Device-1/Services-1/X_Nokia_BSR-1/HgNB-1/XCU-1/AnrParam-1 -> EventBasedANREnabled
[NEW] com.nokia.aiosc:DrxConfigAnrSpecificX :: Device-1/Services-1/X_Nokia_BSR-1/HgNB-1/XCU-1/AnrParam-1/DrxConfigAnrSpecificX-1 -> SparePara1
[NEW] com.nokia.aiosc:CellTrace :: Device-1/Services-1/X_Nokia_BSR-1/HgNB-1/XCU-1/CellTrace-1 -> SourceIdn
[NEW] com.nokia.aiosc:CellTrace :: Device-1/Services-1/X_Nokia_BSR-1/HgNB-1/XCU-1/CellTrace-1 -> SparePara1
[NEW] com.nokia.aiosc:EPF1U :: Device-1/Services-1/X_Nokia_BSR-1/HgNB-1/XCU-1/EPF1U-1 -> EPF1U_CP
[NEW] com.nokia.aiosc:EPF1U :: Device-1/Services-1/X_Nokia_BSR-1/HgNB-1/XCU-1/EPF1U-1 -> Id
[NEW] com.nokia.aiosc:EPF1U :: Device-1/Services-1/X_Nokia_BSR-1/HgNB-1/XCU-1/EPF1U-1 -> ObjectInstance
[NEW] com.nokia.aiosc:EPF1U :: Device-1/Services-1/X_Nokia_BSR-1/HgNB-1/XCU-1/EPF1U-1 -> ObjectClass
[NEW] com.nokia.aiosc:EPNGU :: Device-1/Services-1/X_Nokia_BSR-1/HgNB-1/XCU-1/EPNGU-1 -> EPNGU_CP
[NEW] com.nokia.aiosc:EPS1U :: Device-1/Services-1/X_Nokia_BSR-1/HgNB-1/XCU-1/EPS1U-1 -> EPS1U_CP
[NEW] com.nokia.aiosc:EPX2U :: Device-1/Services-1/X_Nokia_BSR-1/HgNB-1/XCU-1/EPX2U-1 -> EPX2U_CP
[NEW] com.nokia.aiosc:EutraCuUpConfig :: Device-1/Services-1/X_Nokia_BSR-1/HgNB-1/XCU-1/EutraCuUpConfig-1 -> SparePara1
[NEW] com.nokia.aiosc:ExternalENBFunction :: Device-1/Services-1/X_Nokia_BSR-1/HgNB-1/XCU-1/ExternalENBFunction-1 -> MNC
[NEW] com.nokia.aiosc:ExternalENBFunction :: Device-1/Services-1/X_Nokia_BSR-1/HgNB-1/XCU-1/ExternalENBFunction-1 -> ExternalENBFunction_CP
[NEW] com.nokia.aiosc:ExternalENBFunction :: Device-1/Services-1/X_Nokia_BSR-1/HgNB-1/XCU-1/ExternalENBFunction-1 -> Id
[NEW] com.nokia.aiosc:ExternalENBFunction :: Device-1/Services-1/X_Nokia_BSR-1/HgNB-1/XCU-1/ExternalENBFunction-1 -> SparePara1
[NEW] com.nokia.aiosc:ExternalENBFunction :: Device-1/Services-1/X_Nokia_BSR-1/HgNB-1/XCU-1/ExternalENBFunction-1 -> MCC
[NEW] com.nokia.aiosc:ExternalENBFunction :: Device-1/Services-1/X_Nokia_BSR-1/HgNB-1/XCU-1/ExternalENBFunction-1 -> ENBId
[NEW] com.nokia.aiosc:ExternalENBFunction :: Device-1/Services-1/X_Nokia_BSR-1/HgNB-1/XCU-1/ExternalENBFunction-1 -> EnbNeighbourIpAddr
[NEW] com.nokia.aiosc:ExternalENBFunction :: Device-1/Services-1/X_Nokia_BSR-1/HgNB-1/XCU-1/ExternalENBFunction-1 -> NoX2HoPresent
[NEW] com.nokia.aiosc:ExternalENBFunction :: Device-1/Services-1/X_Nokia_BSR-1/HgNB-1/XCU-1/ExternalENBFunction-1 -> ExternalEUtranCellNumberOfEntries
[NEW] com.nokia.aiosc:ExternalENBFunction :: Device-1/Services-1/X_Nokia_BSR-1/HgNB-1/XCU-1/ExternalENBFunction-1 -> ENBIdLength
[NEW] com.nokia.aiosc:ExternalEUtranCell :: Device-1/Services-1/X_Nokia_BSR-1/HgNB-1/XCU-1/ExternalENBFunction-1/ExternalEUtranCell-1 -> CellLocalId
[NEW] com.nokia.aiosc:ExternalEUtranCell :: Device-1/Services-1/X_Nokia_BSR-1/HgNB-1/XCU-1/ExternalENBFunction-1/ExternalEUtranCell-1 -> Id
[NEW] com.nokia.aiosc:ExternalEUtranCell :: Device-1/Services-1/X_Nokia_BSR-1/HgNB-1/XCU-1/ExternalENBFunction-1/ExternalEUtranCell-1 -> SparePara1
[NEW] com.nokia.aiosc:ExternalEUtranCell :: Device-1/Services-1/X_Nokia_BSR-1/HgNB-1/XCU-1/ExternalENBFunction-1/ExternalEUtranCell-1 -> PlmnListNumberOfEntries
[NEW] com.nokia.aiosc:ExternalEUtranCell :: Device-1/Services-1/X_Nokia_BSR-1/HgNB-1/XCU-1/ExternalENBFunction-1/ExternalEUtranCell-1 -> ENBId
[NEW] com.nokia.aiosc:ExternalEUtranCell :: Device-1/Services-1/X_Nokia_BSR-1/HgNB-1/XCU-1/ExternalENBFunction-1/ExternalEUtranCell-1 -> ExternalEUtranCellIndex
[NEW] com.nokia.aiosc:ExternalEUtranCell :: Device-1/Services-1/X_Nokia_BSR-1/HgNB-1/XCU-1/ExternalENBFunction-1/ExternalEUtranCell-1 -> ModeType
[NEW] com.nokia.aiosc:ExternalEUtranCell :: Device-1/Services-1/X_Nokia_BSR-1/HgNB-1/XCU-1/ExternalENBFunction-1/ExternalEUtranCell-1 -> Pci
[NEW] com.nokia.aiosc:ExternalEUtranCell :: Device-1/Services-1/X_Nokia_BSR-1/HgNB-1/XCU-1/ExternalENBFunction-1/ExternalEUtranCell-1 -> TAC
[NEW] com.nokia.aiosc:ExternalEUtranCell :: Device-1/Services-1/X_Nokia_BSR-1/HgNB-1/XCU-1/ExternalENBFunction-1/ExternalEUtranCell-1 -> ExternalEUtranCell_CP
[NEW] com.nokia.aiosc:FDD :: Device-1/Services-1/X_Nokia_BSR-1/HgNB-1/XCU-1/ExternalENBFunction-1/ExternalEUtranCell-1/FDD-1 -> EarfcnDL
[NEW] com.nokia.aiosc:FDD :: Device-1/Services-1/X_Nokia_BSR-1/HgNB-1/XCU-1/ExternalENBFunction-1/ExternalEUtranCell-1/FDD-1 -> EarfcnUL
[NEW] com.nokia.aiosc:FDD :: Device-1/Services-1/X_Nokia_BSR-1/HgNB-1/XCU-1/ExternalENBFunction-1/ExternalEUtranCell-1/FDD-1 -> SparePara1
[NEW] com.nokia.aiosc:PlmnList :: Device-1/Services-1/X_Nokia_BSR-1/HgNB-1/XCU-1/ExternalENBFunction-1/ExternalEUtranCell-1/PlmnList-1 -> MCC
[NEW] com.nokia.aiosc:PlmnList :: Device-1/Services-1/X_Nokia_BSR-1/HgNB-1/XCU-1/ExternalENBFunction-1/ExternalEUtranCell-1/PlmnList-1 -> MNC
[NEW] com.nokia.aiosc:TDD :: Device-1/Services-1/X_Nokia_BSR-1/HgNB-1/XCU-1/ExternalENBFunction-1/ExternalEUtranCell-1/TDD-1 -> Earfcn
[NEW] com.nokia.aiosc:TDD :: Device-1/Services-1/X_Nokia_BSR-1/HgNB-1/XCU-1/ExternalENBFunction-1/ExternalEUtranCell-1/TDD-1 -> SparePara1
[NEW] com.nokia.aiosc:ExternalGNBCUFunction :: Device-1/Services-1/X_Nokia_BSR-1/HgNB-1/XCU-1/ExternalGNBCUFunction-1 -> ExternalNRCellCUNumberOfEntries
[NEW] com.nokia.aiosc:ExternalGNBCUFunction :: Device-1/Services-1/X_Nokia_BSR-1/HgNB-1/XCU-1/ExternalGNBCUFunction-1 -> ExternalGNBCUFunction_CP
[NEW] com.nokia.aiosc:ExternalGNBCUFunction :: Device-1/Services-1/X_Nokia_BSR-1/HgNB-1/XCU-1/ExternalGNBCUFunction-1 -> GNBId
[NEW] com.nokia.aiosc:ExternalGNBCUFunction :: Device-1/Services-1/X_Nokia_BSR-1/HgNB-1/XCU-1/ExternalGNBCUFunction-1 -> GNBIdLength
[NEW] com.nokia.aiosc:ExternalGNBCUFunction :: Device-1/Services-1/X_Nokia_BSR-1/HgNB-1/XCU-1/ExternalGNBCUFunction-1 -> NrNeighbourGnbIpAddr
[NEW] com.nokia.aiosc:ExternalGNBCUFunction :: Device-1/Services-1/X_Nokia_BSR-1/HgNB-1/XCU-1/ExternalGNBCUFunction-1 -> NoXnHoPresent
[NEW] com.nokia.aiosc:ExternalGNBCUFunction :: Device-1/Services-1/X_Nokia_BSR-1/HgNB-1/XCU-1/ExternalGNBCUFunction-1 -> EnableInstance
[NEW] com.nokia.aiosc:ExternalNRCellCU :: Device-1/Services-1/X_Nokia_BSR-1/HgNB-1/XCU-1/ExternalGNBCUFunction-1/ExternalNRCellCU-1 -> MNC
[NEW] com.nokia.aiosc:ExternalNRCellCU :: Device-1/Services-1/X_Nokia_BSR-1/HgNB-1/XCU-1/ExternalGNBCUFunction-1/ExternalNRCellCU-1 -> SpareParam1
[NEW] com.nokia.aiosc:ExternalNRCellCU :: Device-1/Services-1/X_Nokia_BSR-1/HgNB-1/XCU-1/ExternalGNBCUFunction-1/ExternalNRCellCU-1 -> CellLocalId
[NEW] com.nokia.aiosc:ExternalNRCellCU :: Device-1/Services-1/X_Nokia_BSR-1/HgNB-1/XCU-1/ExternalGNBCUFunction-1/ExternalNRCellCU-1 -> ExternalNRCellCU_CP
[NEW] com.nokia.aiosc:ExternalNRCellCU :: Device-1/Services-1/X_Nokia_BSR-1/HgNB-1/XCU-1/ExternalGNBCUFunction-1/ExternalNRCellCU-1 -> NRCellDetectionType
[NEW] com.nokia.aiosc:ExternalNRCellCU :: Device-1/Services-1/X_Nokia_BSR-1/HgNB-1/XCU-1/ExternalGNBCUFunction-1/ExternalNRCellCU-1 -> SparePara1
[NEW] com.nokia.aiosc:ExternalNRCellCU :: Device-1/Services-1/X_Nokia_BSR-1/HgNB-1/XCU-1/ExternalGNBCUFunction-1/ExternalNRCellCU-1 -> ExternalNRCellIndexn
[NEW] com.nokia.aiosc:ExternalNRCellCU :: Device-1/Services-1/X_Nokia_BSR-1/HgNB-1/XCU-1/ExternalGNBCUFunction-1/ExternalNRCellCU-1 -> NRPCI
[NEW] com.nokia.aiosc:ExternalNRCellCU :: Device-1/Services-1/X_Nokia_BSR-1/HgNB-1/XCU-1/ExternalGNBCUFunction-1/ExternalNRCellCU-1 -> MCC
[NEW] com.nokia.aiosc:ExternalNRCellCU :: Device-1/Services-1/X_Nokia_BSR-1/HgNB-1/XCU-1/ExternalGNBCUFunction-1/ExternalNRCellCU-1 -> Tac
[NEW] com.nokia.aiosc:ExternalNRCellCU :: Device-1/Services-1/X_Nokia_BSR-1/HgNB-1/XCU-1/ExternalGNBCUFunction-1/ExternalNRCellCU-1 -> ModeTypen
[NEW] com.nokia.aiosc:ExternalNRCellCU :: Device-1/Services-1/X_Nokia_BSR-1/HgNB-1/XCU-1/ExternalGNBCUFunction-1/ExternalNRCellCU-1 -> EnableInstance
[NEW] com.nokia.aiosc:NRDL :: Device-1/Services-1/X_Nokia_BSR-1/HgNB-1/XCU-1/ExternalGNBCUFunction-1/ExternalNRCellCU-1/NRDL-1 -> NrArfcn
[NEW] com.nokia.aiosc:NRDL :: Device-1/Services-1/X_Nokia_BSR-1/HgNB-1/XCU-1/ExternalGNBCUFunction-1/ExternalNRCellCU-1/NRDL-1 -> NrNumRb
[NEW] com.nokia.aiosc:NRDL :: Device-1/Services-1/X_Nokia_BSR-1/HgNB-1/XCU-1/ExternalGNBCUFunction-1/ExternalNRCellCU-1/NRDL-1 -> NumFreqBandsNumberOfEntries
[NEW] com.nokia.aiosc:NRDL :: Device-1/Services-1/X_Nokia_BSR-1/HgNB-1/XCU-1/ExternalGNBCUFunction-1/ExternalNRCellCU-1/NRDL-1 -> SubCarrierSpacingInKhzn
[NEW] com.nokia.aiosc:NRDL :: Device-1/Services-1/X_Nokia_BSR-1/HgNB-1/XCU-1/ExternalGNBCUFunction-1/ExternalNRCellCU-1/NRDL-1 -> SparePara1
[NEW] com.nokia.aiosc:NumFreqBands :: Device-1/Services-1/X_Nokia_BSR-1/HgNB-1/XCU-1/ExternalGNBCUFunction-1/ExternalNRCellCU-1/NRDL-1/NumFreqBands-1 -> NrFreqBandInd
[NEW] com.nokia.aiosc:NRUL :: Device-1/Services-1/X_Nokia_BSR-1/HgNB-1/XCU-1/ExternalGNBCUFunction-1/ExternalNRCellCU-1/NRUL-1 -> NrArfcn
[NEW] com.nokia.aiosc:NRUL :: Device-1/Services-1/X_Nokia_BSR-1/HgNB-1/XCU-1/ExternalGNBCUFunction-1/ExternalNRCellCU-1/NRUL-1 -> NrNumRb
[NEW] com.nokia.aiosc:NRUL :: Device-1/Services-1/X_Nokia_BSR-1/HgNB-1/XCU-1/ExternalGNBCUFunction-1/ExternalNRCellCU-1/NRUL-1 -> NumFreqBandsNumberOfEntries
[NEW] com.nokia.aiosc:NRUL :: Device-1/Services-1/X_Nokia_BSR-1/HgNB-1/XCU-1/ExternalGNBCUFunction-1/ExternalNRCellCU-1/NRUL-1 -> SparePara1
[NEW] com.nokia.aiosc:NumFreqBandsUl :: Device-1/Services-1/X_Nokia_BSR-1/HgNB-1/XCU-1/ExternalGNBCUFunction-1/ExternalNRCellCU-1/NRUL-1/NumFreqBandsUl-1 -> NrFreqBandInd
[NEW] com.nokia.aiosc:FullIrnti :: Device-1/Services-1/X_Nokia_BSR-1/HgNB-1/XCU-1/FullIrnti-1 -> SparePara1
[NEW] com.nokia.aiosc:NrQosPrioritizationInfo :: Device-1/Services-1/X_Nokia_BSR-1/HgNB-1/XCU-1/NrQosPrioritizationInfo-1 -> X2WhiteListId
[NEW] com.nokia.aiosc:PriorityAndPciForRRCEstabCause :: Device-1/Services-1/X_Nokia_BSR-1/HgNB-1/XCU-1/PriorityAndPciForRRCEstabCause-1 -> SparePara1
[NEW] com.nokia.aiosc:ShortIrnti :: Device-1/Services-1/X_Nokia_BSR-1/HgNB-1/XCU-1/ShortIrnti-1 -> SparePara1
[NEW] com.nokia.aiosc:TimerConfig :: Device-1/Services-1/X_Nokia_BSR-1/HgNB-1/XCU-1/TimerConfig-1 -> SparePara_CP
[NEW] com.nokia.aiosc:TimerConfig :: Device-1/Services-1/X_Nokia_BSR-1/HgNB-1/XCU-1/TimerConfig-1 -> SparePara1
[NEW] com.nokia.aiosc:F1AP :: Device-1/Services-1/X_Nokia_BSR-1/HgNB-1/XCU-1/TimerConfig-1/F1AP-1 -> SparePara1
[NEW] com.nokia.aiosc:XDU :: Device-1/Services-1/X_Nokia_BSR-1/HgNB-1/XDU-1 -> CASupportedforNSA
[NEW] com.nokia.aiosc:XDU :: Device-1/Services-1/X_Nokia_BSR-1/HgNB-1/XDU-1 -> SCellCQIThr
[NEW] com.nokia.aiosc:XDU :: Device-1/Services-1/X_Nokia_BSR-1/HgNB-1/XDU-1 -> UeThresholdforCA
[NEW] com.nokia.aiosc:XDU :: Device-1/Services-1/X_Nokia_BSR-1/HgNB-1/XDU-1 -> SCellAdditionTrigger
[NEW] com.nokia.aiosc:XDU :: Device-1/Services-1/X_Nokia_BSR-1/HgNB-1/XDU-1 -> BWVsPCCCaThr
[NEW] com.nokia.aiosc:XDU :: Device-1/Services-1/X_Nokia_BSR-1/HgNB-1/XDU-1 -> UlCASupportedforNSA
[NEW] com.nokia.aiosc:XDU :: Device-1/Services-1/X_Nokia_BSR-1/HgNB-1/XDU-1 -> ProhibitTimer
[NEW] com.nokia.aiosc:CarrierAggregation :: Device-1/Services-1/X_Nokia_BSR-1/HgNB-1/XDU-1/CarrierAggregation-1 -> SparePara1
[NEW] com.nokia.aiosc:EPF1UXDU :: Device-1/Services-1/X_Nokia_BSR-1/HgNB-1/XDU-1/EPF1UXDU-1 -> EPF1U_CP
[NEW] com.nokia.aiosc:F1CAlarm :: Device-1/Services-1/X_Nokia_BSR-1/HgNB-1/XDU-1/F1CAlarm-1 -> SparePara1
[NEW] com.nokia.aiosc:La :: Device-1/Services-1/X_Nokia_BSR-1/HgNB-1/XDU-1/La-1 -> SparePara1
[NEW] com.nokia.aiosc:NsSysCfg :: Device-1/Services-1/X_Nokia_BSR-1/HgNB-1/XDU-1/NsSysCfg-1 -> NsSysCfg_CP
[NEW] com.nokia.aiosc:CoreList :: Device-1/Services-1/X_Nokia_BSR-1/HgNB-1/XDU-1/NsSysCfg-1/CoreList-1 -> CoreListValue
[NEW] com.nokia.aiosc:QosProvsioningParams :: Device-1/Services-1/X_Nokia_BSR-1/HgNB-1/XDU-1/QosProvsioningParams-1 -> SparePara1
[NEW] com.nokia.aiosc:LteExtCellList :: Device-1/Services-1/X_Nokia_BSR-1/LteExtCellList-1 -> LteExtCellList_CP
[NEW] com.nokia.aiosc:LteNatLocLockFrequency :: Device-1/Services-1/X_Nokia_BSR-1/LteNatLocLockFrequency-1 -> LteNatLocLockFrequency_CP
[NEW] com.nokia.aiosc:ChannelSpacing :: Device-1/Services-1/X_Nokia_BSR-1/NRCBRSPR-1/ChannelSpacing-1 -> SparePara1
[NEW] com.nokia.aiosc:DesiredTddFrameStructure :: Device-1/Services-1/X_Nokia_BSR-1/NRCBRSPR-1/DesiredTddFrameStructure-1 -> DesiredTddFrameStructure_CP
[NEW] com.nokia.aiosc:NRCBSD :: Device-1/Services-1/X_Nokia_BSR-1/NRCBSD-1 -> CbsdSerialNumber
[NEW] com.nokia.aiosc:NRCBSD :: Device-1/Services-1/X_Nokia_BSR-1/NRCBSD-1 -> RModDN
[NEW] com.nokia.aiosc:NRCBSD :: Device-1/Services-1/X_Nokia_BSR-1/NRCBSD-1 -> CbsdRegistrationState
[NEW] com.nokia.aiosc:NRCBSD :: Device-1/Services-1/X_Nokia_BSR-1/NRCBSD-1 -> CbrsaGroupIdIcg
[NEW] com.nokia.aiosc:NRCBSD :: Device-1/Services-1/X_Nokia_BSR-1/NRCBSD-1 -> SasUserGroupList
[NEW] com.nokia.aiosc:NRCBSD :: Device-1/Services-1/X_Nokia_BSR-1/NRCBSD-1 -> FccId
[NEW] com.nokia.aiosc:NRCBSD :: Device-1/Services-1/X_Nokia_BSR-1/NRCBSD-1 -> Sparepara
[NEW] com.nokia.aiosc:NRCBSD :: Device-1/Services-1/X_Nokia_BSR-1/NRCBSD-1 -> Producttype
[NEW] com.nokia.aiosc:NRCBSD :: Device-1/Services-1/X_Nokia_BSR-1/NRCBSD-1 -> CbsdCategory
[NEW] com.nokia.aiosc:NRCBSD :: Device-1/Services-1/X_Nokia_BSR-1/NRCBSD-1 -> CbrsaGroupIdCcg
[NEW] com.nokia.aiosc:NRCBSD :: Device-1/Services-1/X_Nokia_BSR-1/NRCBSD-1 -> CbrsFreqType
[NEW] com.nokia.aiosc:NRCBSD :: Device-1/Services-1/X_Nokia_BSR-1/NRCBSD-1 -> SparePara2
[NEW] com.nokia.aiosc:NRCBSD :: Device-1/Services-1/X_Nokia_BSR-1/NRCBSD-1 -> SparePara1
[NEW] com.nokia.aiosc:NRCBSD :: Device-1/Services-1/X_Nokia_BSR-1/NRCBSD-1 -> SupportedSpectrumV2
[NEW] com.nokia.aiosc:NRCBSD :: Device-1/Services-1/X_Nokia_BSR-1/NRCBSD-1 -> UserId
[NEW] com.nokia.aiosc:NRCBSD :: Device-1/Services-1/X_Nokia_BSR-1/NRCBSD-1 -> AntennaGain
[NEW] com.nokia.aiosc:NRCBSD :: Device-1/Services-1/X_Nokia_BSR-1/NRCBSD-1 -> AssignedCbsdId
[NEW] com.nokia.aiosc:NRCBSD :: Device-1/Services-1/X_Nokia_BSR-1/NRCBSD-1 -> NrCbsdId
[NEW] com.nokia.aiosc:NRCBSDCELL :: Device-1/Services-1/X_Nokia_BSR-1/NRCBSD-1/NRCBSDCELL-1 -> GrantOperationState
[NEW] com.nokia.aiosc:NRCBSDCELL :: Device-1/Services-1/X_Nokia_BSR-1/NRCBSD-1/NRCBSDCELL-1 -> CellDN
[NEW] com.nokia.aiosc:NRCBSDCELL :: Device-1/Services-1/X_Nokia_BSR-1/NRCBSD-1/NRCBSDCELL-1 -> SparePara1
[NEW] com.nokia.aiosc:NRCBSDCELL :: Device-1/Services-1/X_Nokia_BSR-1/NRCBSD-1/NRCBSDCELL-1 -> SparePara2
[NEW] com.nokia.aiosc:NRCBSDCELL :: Device-1/Services-1/X_Nokia_BSR-1/NRCBSD-1/NRCBSDCELL-1 -> GrantMaxEirp
[NEW] com.nokia.aiosc:NRCBSDCELL :: Device-1/Services-1/X_Nokia_BSR-1/NRCBSD-1/NRCBSDCELL-1 -> GrantChannelType
[NEW] com.nokia.aiosc:NRCBSDCELL :: Device-1/Services-1/X_Nokia_BSR-1/NRCBSD-1/NRCBSDCELL-1 -> Sparepara
[NEW] com.nokia.aiosc:NRCBSDCELL :: Device-1/Services-1/X_Nokia_BSR-1/NRCBSD-1/NRCBSDCELL-1 -> GrantId
[NEW] com.nokia.aiosc:NRCBSDCELL :: Device-1/Services-1/X_Nokia_BSR-1/NRCBSD-1/NRCBSDCELL-1 -> CbrsFreqPriorityN
[NEW] com.nokia.aiosc:NRCBSDCELL :: Device-1/Services-1/X_Nokia_BSR-1/NRCBSD-1/NRCBSDCELL-1 -> GrantSpectrumFreqLow
[NEW] com.nokia.aiosc:NRCBSDCELL :: Device-1/Services-1/X_Nokia_BSR-1/NRCBSD-1/NRCBSDCELL-1 -> DesiredChBw
[NEW] com.nokia.aiosc:NRCBSDCELL :: Device-1/Services-1/X_Nokia_BSR-1/NRCBSD-1/NRCBSDCELL-1 -> GrantSpectrumFreqHigh
[NEW] com.nokia.aiosc:NRCBSDCELL :: Device-1/Services-1/X_Nokia_BSR-1/NRCBSD-1/NRCBSDCELL-1 -> NrCbsdCellId
[NEW] com.nokia.aiosc:ConfigSetForVariChBw :: Device-1/Services-1/X_Nokia_BSR-1/NRCBSD-1/NRCBSDCELL-1/ConfigSetForVariChBw-1 -> ConfigSetForVariChBw_CP
[NEW] com.nokia.aiosc:PwrPreference :: Device-1/Services-1/X_Nokia_BSR-1/NRCBSD-1/NRCBSDCELL-1/PwrPreference-1 -> ChBw
[NEW] com.nokia.aiosc:PwrPreference :: Device-1/Services-1/X_Nokia_BSR-1/NRCBSD-1/NRCBSDCELL-1/PwrPreference-1 -> DesiredPmax
[NEW] com.nokia.aiosc:PwrPreference :: Device-1/Services-1/X_Nokia_BSR-1/NRCBSD-1/NRCBSDCELL-1/PwrPreference-1 -> MaxGrantPwrRed
[NEW] com.nokia.aiosc:OnePPSConfig :: Device-1/Services-1/X_Nokia_BSR-1/OnePPSConfig-1 -> OnePPSConfig_CP
[NEW] com.nokia.aiosc:RFTrace :: Device-1/Services-1/X_Nokia_BSR-1/RFTrace-1 -> RFTrace_CP
[NEW] com.nokia.aiosc:Radio :: Device-1/Services-1/X_Nokia_BSR-1/Radio-1 -> AvailabilityStatusn
[NEW] com.nokia.aiosc:SDM :: Device-1/Services-1/X_Nokia_BSR-1/SDM-1 -> StaticDataFileURL
[NEW] com.nokia.aiosc:SDM :: Device-1/Services-1/X_Nokia_BSR-1/SDM-1 -> CommitDelayTimerUpgrade
[NEW] com.nokia.aiosc:SDM :: Device-1/Services-1/X_Nokia_BSR-1/SDM-1 -> StaticVersion
[NEW] com.nokia.aiosc:SyncReferenceSourceList :: Device-1/Services-1/X_Nokia_BSR-1/SyncReferenceSourceList-1 -> SparePara1
[NEW] com.nokia.aiosc:WiFiConfig :: Device-1/Services-1/X_Nokia_BSR-1/WiFiConfig-1 -> WiFiChannel
[NEW] com.nokia.aiosc:WiFiConfig :: Device-1/Services-1/X_Nokia_BSR-1/WiFiConfig-1 -> EnableWiFi
[NEW] com.nokia.aiosc:WiFiConfig :: Device-1/Services-1/X_Nokia_BSR-1/WiFiConfig-1 -> ShowAlarmOnEnable
[NEW] com.nokia.aiosc:BSSID :: Device-1/Services-1/X_Nokia_BSR-1/WiFiConfig-1/BSSID-1 -> HideSsid
[NEW] com.nokia.aiosc:BSSID :: Device-1/Services-1/X_Nokia_BSR-1/WiFiConfig-1/BSSID-1 -> Password
[NEW] com.nokia.aiosc:BSSID :: Device-1/Services-1/X_Nokia_BSR-1/WiFiConfig-1/BSSID-1 -> WiFiAuthType
[NEW] com.nokia.aiosc:BSSID :: Device-1/Services-1/X_Nokia_BSR-1/WiFiConfig-1/BSSID-1 -> SparePara1
[NEW] com.nokia.aiosc:BSSID :: Device-1/Services-1/X_Nokia_BSR-1/WiFiConfig-1/BSSID-1 -> Passphrase
[NEW] com.nokia.aiosc:BSSID :: Device-1/Services-1/X_Nokia_BSR-1/WiFiConfig-1/BSSID-1 -> SsidName
[NEW] com.nokia.aiosc:BSSID :: Device-1/Services-1/X_Nokia_BSR-1/WiFiConfig-1/BSSID-1 -> UserId
[NEW] com.nokia.aiosc:BSSID :: Device-1/Services-1/X_Nokia_BSR-1/WiFiConfig-1/BSSID-1 -> ProtectManagementFrame
[NEW] com.nokia.aiosc:BSSID :: Device-1/Services-1/X_Nokia_BSR-1/WiFiConfig-1/BSSID-1 -> BssidMACAddr
[NEW] com.nokia.aiosc:MNL :: MNL-1 -> ProductVariant_test
[NEW] com.nokia.aiosc:MNL :: MNL-1 -> PlannedSWReleaseVersion

❌ Dropped Parameters from 2024:
[REMOVED] com.nokia.aiosc:SNSSAIList :: Device-1/Services-1/FAPService-1/CellConfig-1/NR-1/DU-1/NRCellDU-1/SNSSAIList-1 -> SNSSAIListValue
[REMOVED] com.nokia.aiosc:X_Nokia_BSR :: Device-1/Services-1/X_Nokia_BSR-1 -> EnableIPSEC
[REMOVED] com.nokia.aiosc:X_Nokia_BSR :: Device-1/Services-1/X_Nokia_BSR-1 -> NRFrameTimingOffsetn
[REMOVED] com.nokia.aiosc:X_Nokia_BSR :: Device-1/Services-1/X_Nokia_BSR-1 -> BSRType
[REMOVED] com.nokia.aiosc:CellTrace :: Device-1/Services-1/X_Nokia_BSR-1/HgNB-1/XCU-1/CellTrace-1 -> SourceId
